<?xml version="1.0" encoding="UTF-8"?>
<!-- Generated by org.testng.reporters.JUnitXMLReporter -->
<testsuite ignored="2" hostname="DESKTOP-4H738JD" failures="0" tests="1" name="Default test" time="0.051" errors="0" timestamp="2024-08-01T14:34:40 IST">
  <testcase classname="com.qa.JavaProgramming.Arrays.Arrays" name="NumberArrayExample" time="0.012"/>
  <testcase classname="com.qa.JavaProgramming.Arrays.Arrays" name="CharArrayExample" time="0.0">
    <ignored/>
  </testcase> <!-- CharArrayExample -->
  <testcase classname="com.qa.JavaProgramming.Arrays.Arrays" name="StringArrayExample" time="0.0">
    <ignored/>
  </testcase> <!-- StringArrayExample -->
</testsuite> <!-- Default test -->
