<?xml version="1.0" encoding="UTF-8"?>
<!-- Generated by org.testng.reporters.JUnitXMLReporter -->
<testsuite ignored="1" hostname="DESKTOP-4H738JD" failures="0" tests="1" name="Default test" time="0.051" errors="0" timestamp="2025-07-20T16:17:00 IST">
  <testcase classname="com.qa.JavaProgramming.String.ReplaceReplaceAll" name="RemoveAllSpecialCharsFromString" time="0.009"/>
  <testcase classname="com.qa.JavaProgramming.String.ReplaceReplaceAll" name="ReplacePartialTextInString" time="0.0">
    <ignored/>
  </testcase> <!-- ReplacePartialTextInString -->
</testsuite> <!-- Default test -->
