<?xml version="1.0" encoding="UTF-8"?>
<!-- Generated by org.testng.reporters.JUnitXMLReporter -->
<testsuite ignored="0" hostname="DESKTOP-4H738JD" failures="0" tests="3" name="Test" time="71.045" errors="0" timestamp="2024-07-08T12:12:34 IST">
  <testcase classname="TestNG.CaptureFullPageScreenshot" name="captureFullPageScreenshot" time="63.978"/>
  <testcase classname="TestNG.CapturePageScreenshot" name="capturePageScreenshot" time="66.617"/>
  <testcase classname="TestNG.CaptureElementScreenshot" name="captureElementScreenshot" time="71.016"/>
</testsuite> <!-- Test -->
