<?xml version="1.0" encoding="UTF-8"?>
<testng-results ignored="0" total="1" passed="1" failed="0" skipped="0">
  <reporter-output>
  </reporter-output>
  <suite started-at="2024-09-17T11:56:10 IST" name="Default suite" finished-at="2024-09-17T11:56:11 IST" duration-ms="43">
    <groups>
    </groups>
    <test started-at="2024-09-17T11:56:10 IST" name="Default test" finished-at="2024-09-17T11:56:11 IST" duration-ms="43">
      <class name="com.qa.JavaProgramming.OOPS.Abstraction">
        <test-method signature="abstraction()[pri:0, instance:com.qa.JavaProgramming.OOPS.Abstraction@43195e57]" started-at="2024-09-17T11:56:11 IST" name="abstraction" finished-at="2024-09-17T11:56:11 IST" duration-ms="9" status="PASS">
          <reporter-output>
          </reporter-output>
        </test-method> <!-- abstraction -->
      </class> <!-- com.qa.JavaProgramming.OOPS.Abstraction -->
    </test> <!-- Default test -->
  </suite> <!-- Default suite -->
</testng-results>
